<?xml version="1.0" encoding="UTF-8"?>
<testng-results skipped="0" failed="0" ignored="0" total="1" passed="1">
  <reporter-output>
  </reporter-output>
  <suite name="Default suite" duration-ms="606" started-at="2017-09-17T10:06:19Z" finished-at="2017-09-17T10:06:19Z">
    <groups>
    </groups>
    <test name="Default test" duration-ms="606" started-at="2017-09-17T10:06:19Z" finished-at="2017-09-17T10:06:19Z">
      <class name="jesrseydemo.TestEcommerce">
        <test-method status="PASS" signature="PlaceAnorder()[pri:0, instance:jesrseydemo.TestEcommerce@48eff760]" name="PlaceAnorder" duration-ms="585" started-at="2017-09-17T15:36:19Z" finished-at="2017-09-17T15:36:19Z">
          <reporter-output>
          </reporter-output>
        </test-method> <!-- PlaceAnorder -->
      </class> <!-- jesrseydemo.TestEcommerce -->
    </test> <!-- Default test -->
  </suite> <!-- Default suite -->
</testng-results>
